<?xml version="1.0" encoding="UTF-8"?>
<testng-results skipped="0" failed="2" ignored="1" total="13" passed="10">
  <reporter-output>
  </reporter-output>
  <suite name="Linqia home Test" duration-ms="199493" started-at="2018-04-03T21:54:31Z" finished-at="2018-04-03T21:57:50Z">
    <groups>
    </groups>
    <test name="Linqia Test Cases" duration-ms="199493" started-at="2018-04-03T21:54:31Z" finished-at="2018-04-03T21:57:50Z">
      <class name="com.qa.linqia.test.IntegrationWithPaypalTest">
        <test-method status="PASS" signature="setUp()[pri:0, instance:com.qa.linqia.test.IntegrationWithPaypalTest@553f17c]" name="setUp" is-config="true" duration-ms="8422" started-at="2018-04-03T14:54:55Z" finished-at="2018-04-03T14:55:03Z">
          <reporter-output>
          </reporter-output>
        </test-method> <!-- setUp -->
        <test-method status="PASS" signature="clickOnPaypalTest()[pri:0, instance:com.qa.linqia.test.IntegrationWithPaypalTest@553f17c]" name="clickOnPaypalTest" duration-ms="16698" started-at="2018-04-03T14:55:03Z" finished-at="2018-04-03T14:55:20Z">
          <reporter-output>
          </reporter-output>
        </test-method> <!-- clickOnPaypalTest -->
        <test-method status="PASS" signature="tearDown()[pri:0, instance:com.qa.linqia.test.IntegrationWithPaypalTest@553f17c]" name="tearDown" is-config="true" duration-ms="1094" started-at="2018-04-03T14:55:20Z" finished-at="2018-04-03T14:55:21Z">
          <reporter-output>
          </reporter-output>
        </test-method> <!-- tearDown -->
        <test-method status="PASS" signature="setUp()[pri:0, instance:com.qa.linqia.test.IntegrationWithPaypalTest@553f17c]" name="setUp" is-config="true" duration-ms="8695" started-at="2018-04-03T14:55:21Z" finished-at="2018-04-03T14:55:30Z">
          <reporter-output>
          </reporter-output>
        </test-method> <!-- setUp -->
        <test-method status="PASS" signature="verifyPageTextTest()[pri:0, instance:com.qa.linqia.test.IntegrationWithPaypalTest@553f17c]" name="verifyPageTextTest" duration-ms="2623" started-at="2018-04-03T14:55:30Z" finished-at="2018-04-03T14:55:32Z">
          <reporter-output>
          </reporter-output>
        </test-method> <!-- verifyPageTextTest -->
        <test-method status="PASS" signature="tearDown()[pri:0, instance:com.qa.linqia.test.IntegrationWithPaypalTest@553f17c]" name="tearDown" is-config="true" duration-ms="724" started-at="2018-04-03T14:55:32Z" finished-at="2018-04-03T14:55:33Z">
          <reporter-output>
          </reporter-output>
        </test-method> <!-- tearDown -->
        <test-method status="PASS" signature="setUp()[pri:0, instance:com.qa.linqia.test.IntegrationWithPaypalTest@553f17c]" name="setUp" is-config="true" duration-ms="8685" started-at="2018-04-03T14:56:02Z" finished-at="2018-04-03T14:56:10Z">
          <reporter-output>
          </reporter-output>
        </test-method> <!-- setUp -->
        <test-method status="PASS" signature="clickOnSupportTest()[pri:1, instance:com.qa.linqia.test.IntegrationWithPaypalTest@553f17c]" name="clickOnSupportTest" duration-ms="2482" started-at="2018-04-03T14:56:10Z" finished-at="2018-04-03T14:56:13Z">
          <reporter-output>
          </reporter-output>
        </test-method> <!-- clickOnSupportTest -->
        <test-method status="PASS" signature="tearDown()[pri:0, instance:com.qa.linqia.test.IntegrationWithPaypalTest@553f17c]" name="tearDown" is-config="true" duration-ms="704" started-at="2018-04-03T14:56:13Z" finished-at="2018-04-03T14:56:14Z">
          <reporter-output>
          </reporter-output>
        </test-method> <!-- tearDown -->
      </class> <!-- com.qa.linqia.test.IntegrationWithPaypalTest -->
      <class name="com.qa.linqia.test.LinqiaTest">
        <test-method status="PASS" signature="setUp()[pri:0, instance:com.qa.linqia.test.LinqiaTest@4f7d0008]" name="setUp" is-config="true" duration-ms="7804" started-at="2018-04-03T14:55:33Z" finished-at="2018-04-03T14:55:41Z">
          <reporter-output>
          </reporter-output>
        </test-method> <!-- setUp -->
        <test-method status="PASS" signature="enterTest()[pri:0, instance:com.qa.linqia.test.LinqiaTest@4f7d0008]" name="enterTest" duration-ms="1405" started-at="2018-04-03T14:55:41Z" finished-at="2018-04-03T14:55:42Z">
          <reporter-output>
          </reporter-output>
        </test-method> <!-- enterTest -->
      </class> <!-- com.qa.linqia.test.LinqiaTest -->
      <class name="com.qa.linqia.test.TodoTest">
        <test-method status="PASS" signature="setUp()[pri:0, instance:com.qa.linqia.test.TodoTest@14bf9759]" name="setUp" is-config="true" duration-ms="7622" started-at="2018-04-03T14:55:42Z" finished-at="2018-04-03T14:55:50Z">
          <reporter-output>
          </reporter-output>
        </test-method> <!-- setUp -->
        <test-method status="PASS" signature="validateTextFieldTest()[pri:1, instance:com.qa.linqia.test.TodoTest@14bf9759]" name="validateTextFieldTest" duration-ms="67" started-at="2018-04-03T14:55:50Z" finished-at="2018-04-03T14:55:50Z">
          <reporter-output>
          </reporter-output>
        </test-method> <!-- validateTextFieldTest -->
        <test-method status="PASS" signature="tearDown()[pri:0, instance:com.qa.linqia.test.TodoTest@14bf9759]" name="tearDown" is-config="true" duration-ms="682" started-at="2018-04-03T14:55:50Z" finished-at="2018-04-03T14:55:51Z">
          <reporter-output>
          </reporter-output>
        </test-method> <!-- tearDown -->
        <test-method status="PASS" signature="setUp()[pri:0, instance:com.qa.linqia.test.TodoTest@14bf9759]" name="setUp" is-config="true" duration-ms="8614" started-at="2018-04-03T14:56:17Z" finished-at="2018-04-03T14:56:26Z">
          <reporter-output>
          </reporter-output>
        </test-method> <!-- setUp -->
        <test-method status="PASS" signature="enterTextTest(java.lang.String)[pri:2, instance:com.qa.linqia.test.TodoTest@14bf9759]" name="enterTextTest" duration-ms="1729" started-at="2018-04-03T14:56:26Z" data-provider="getTestData" finished-at="2018-04-03T14:56:28Z">
          <params>
            <param index="0">
              <value>
                <![CDATA[Selenim Webdriver]]>
              </value>
            </param>
          </params>
          <reporter-output>
          </reporter-output>
        </test-method> <!-- enterTextTest -->
        <test-method status="PASS" signature="tearDown()[pri:0, instance:com.qa.linqia.test.TodoTest@14bf9759]" name="tearDown" is-config="true" duration-ms="695" started-at="2018-04-03T14:56:28Z" finished-at="2018-04-03T14:56:28Z">
          <reporter-output>
          </reporter-output>
        </test-method> <!-- tearDown -->
        <test-method status="PASS" signature="setUp()[pri:0, instance:com.qa.linqia.test.TodoTest@14bf9759]" name="setUp" is-config="true" duration-ms="8378" started-at="2018-04-03T14:56:28Z" finished-at="2018-04-03T14:56:37Z">
          <reporter-output>
          </reporter-output>
        </test-method> <!-- setUp -->
        <test-method status="FAIL" signature="enterTextTest(java.lang.String)[pri:2, instance:com.qa.linqia.test.TodoTest@14bf9759]" name="enterTextTest" duration-ms="20838" started-at="2018-04-03T14:56:37Z" data-provider="getTestData" finished-at="2018-04-03T14:56:57Z">
          <params>
            <param index="0">
              <value>
                <![CDATA[Test]]>
              </value>
            </param>
          </params>
          <exception class="org.openqa.selenium.NoSuchElementException">
            <message>
              <![CDATA[no such element: Unable to locate element: {"method":"xpath","selector":"//label[text()='Selenim Webdriver']"}
  (Session info: chrome=65.0.3325.181)
  (Driver info: chromedriver=2.37.544315 (730aa6a5fdba159ac9f4c1e8cbc59bf1b5ce12b7),platform=Windows NT 10.0.16299 x86_64) (WARNING: The server did not provide any stacktrace information)
Command duration or timeout: 0 milliseconds
For documentation on this error, please visit: http://seleniumhq.org/exceptions/no_such_element.html
Build info: version: '3.5.3', revision: 'a88d25fe6b', time: '2017-08-29T12:42:44.417Z'
System info: host: 'AMRUTHAA', ip: '192.168.0.13', os.name: 'Windows 8.1', os.arch: 'amd64', os.version: '6.3', java.version: '1.8.0_20'
Driver info: org.openqa.selenium.chrome.ChromeDriver
Capabilities [{mobileEmulationEnabled=false, hasTouchScreen=false, platform=WIN8_1, acceptSslCerts=false, acceptInsecureCerts=false, webStorageEnabled=true, browserName=chrome, takesScreenshot=true, javascriptEnabled=true, platformName=WIN8_1, setWindowRect=true, unexpectedAlertBehaviour=, applicationCacheEnabled=false, rotatable=false, networkConnectionEnabled=false, chrome={chromedriverVersion=2.37.544315 (730aa6a5fdba159ac9f4c1e8cbc59bf1b5ce12b7), userDataDir=C:\Users\user\AppData\Local\Temp\scoped_dir22004_6398}, takesHeapSnapshot=true, pageLoadStrategy=normal, unhandledPromptBehavior=, databaseEnabled=false, handlesAlerts=true, version=65.0.3325.181, browserConnectionEnabled=false, nativeEvents=true, locationContextEnabled=true, cssSelectorsEnabled=true}]
Session ID: d6b50959bd92c2c71627d938ef85acf5
*** Element info: {Using=xpath, value=//label[text()='Selenim Webdriver']}]]>
            </message>
            <full-stacktrace>
              <![CDATA[org.openqa.selenium.NoSuchElementException: no such element: Unable to locate element: {"method":"xpath","selector":"//label[text()='Selenim Webdriver']"}
  (Session info: chrome=65.0.3325.181)
  (Driver info: chromedriver=2.37.544315 (730aa6a5fdba159ac9f4c1e8cbc59bf1b5ce12b7),platform=Windows NT 10.0.16299 x86_64) (WARNING: The server did not provide any stacktrace information)
Command duration or timeout: 0 milliseconds
For documentation on this error, please visit: http://seleniumhq.org/exceptions/no_such_element.html
Build info: version: '3.5.3', revision: 'a88d25fe6b', time: '2017-08-29T12:42:44.417Z'
System info: host: 'AMRUTHAA', ip: '192.168.0.13', os.name: 'Windows 8.1', os.arch: 'amd64', os.version: '6.3', java.version: '1.8.0_20'
Driver info: org.openqa.selenium.chrome.ChromeDriver
Capabilities [{mobileEmulationEnabled=false, hasTouchScreen=false, platform=WIN8_1, acceptSslCerts=false, acceptInsecureCerts=false, webStorageEnabled=true, browserName=chrome, takesScreenshot=true, javascriptEnabled=true, platformName=WIN8_1, setWindowRect=true, unexpectedAlertBehaviour=, applicationCacheEnabled=false, rotatable=false, networkConnectionEnabled=false, chrome={chromedriverVersion=2.37.544315 (730aa6a5fdba159ac9f4c1e8cbc59bf1b5ce12b7), userDataDir=C:\Users\user\AppData\Local\Temp\scoped_dir22004_6398}, takesHeapSnapshot=true, pageLoadStrategy=normal, unhandledPromptBehavior=, databaseEnabled=false, handlesAlerts=true, version=65.0.3325.181, browserConnectionEnabled=false, nativeEvents=true, locationContextEnabled=true, cssSelectorsEnabled=true}]
Session ID: d6b50959bd92c2c71627d938ef85acf5
*** Element info: {Using=xpath, value=//label[text()='Selenim Webdriver']}
	at sun.reflect.NativeConstructorAccessorImpl.newInstance0(Native Method)
	at sun.reflect.NativeConstructorAccessorImpl.newInstance(NativeConstructorAccessorImpl.java:62)
	at sun.reflect.DelegatingConstructorAccessorImpl.newInstance(DelegatingConstructorAccessorImpl.java:45)
	at java.lang.reflect.Constructor.newInstance(Constructor.java:408)
	at org.openqa.selenium.remote.ErrorHandler.createThrowable(ErrorHandler.java:215)
	at org.openqa.selenium.remote.ErrorHandler.throwIfResponseFailed(ErrorHandler.java:167)
	at org.openqa.selenium.remote.http.JsonHttpResponseCodec.reconstructValue(JsonHttpResponseCodec.java:40)
	at org.openqa.selenium.remote.http.AbstractHttpResponseCodec.decode(AbstractHttpResponseCodec.java:82)
	at org.openqa.selenium.remote.http.AbstractHttpResponseCodec.decode(AbstractHttpResponseCodec.java:45)
	at org.openqa.selenium.remote.HttpCommandExecutor.execute(HttpCommandExecutor.java:164)
	at org.openqa.selenium.remote.service.DriverCommandExecutor.execute(DriverCommandExecutor.java:82)
	at org.openqa.selenium.remote.RemoteWebDriver.execute(RemoteWebDriver.java:646)
	at org.openqa.selenium.remote.RemoteWebDriver.findElement(RemoteWebDriver.java:416)
	at org.openqa.selenium.remote.RemoteWebDriver.findElementByXPath(RemoteWebDriver.java:518)
	at org.openqa.selenium.By$ByXPath.findElement(By.java:361)
	at org.openqa.selenium.remote.RemoteWebDriver.findElement(RemoteWebDriver.java:408)
	at org.openqa.selenium.support.pagefactory.DefaultElementLocator.findElement(DefaultElementLocator.java:69)
	at org.openqa.selenium.support.pagefactory.internal.LocatingElementHandler.invoke(LocatingElementHandler.java:38)
	at com.sun.proxy.$Proxy10.getText(Unknown Source)
	at com.qa.pages.TodoPositive.verifyAddedText(TodoPositive.java:42)
	at com.qa.linqia.test.TodoTest.enterTextTest(TodoTest.java:50)
	at sun.reflect.NativeMethodAccessorImpl.invoke0(Native Method)
	at sun.reflect.NativeMethodAccessorImpl.invoke(NativeMethodAccessorImpl.java:62)
	at sun.reflect.DelegatingMethodAccessorImpl.invoke(DelegatingMethodAccessorImpl.java:43)
	at java.lang.reflect.Method.invoke(Method.java:483)
	at org.testng.internal.MethodInvocationHelper.invokeMethod(MethodInvocationHelper.java:108)
	at org.testng.internal.Invoker.invokeMethod(Invoker.java:661)
	at org.testng.internal.Invoker.invokeTestMethod(Invoker.java:869)
	at org.testng.internal.Invoker.invokeTestMethods(Invoker.java:1193)
	at org.testng.internal.TestMethodWorker.invokeTestMethods(TestMethodWorker.java:126)
	at org.testng.internal.TestMethodWorker.run(TestMethodWorker.java:109)
	at org.testng.TestRunner.privateRun(TestRunner.java:744)
	at org.testng.TestRunner.run(TestRunner.java:602)
	at org.testng.SuiteRunner.runTest(SuiteRunner.java:380)
	at org.testng.SuiteRunner.runSequentially(SuiteRunner.java:375)
	at org.testng.SuiteRunner.privateRun(SuiteRunner.java:340)
	at org.testng.SuiteRunner.run(SuiteRunner.java:289)
	at org.testng.SuiteRunnerWorker.runSuite(SuiteRunnerWorker.java:52)
	at org.testng.SuiteRunnerWorker.run(SuiteRunnerWorker.java:86)
	at org.testng.TestNG.runSuitesSequentially(TestNG.java:1301)
	at org.testng.TestNG.runSuitesLocally(TestNG.java:1226)
	at org.testng.TestNG.runSuites(TestNG.java:1144)
	at org.testng.TestNG.run(TestNG.java:1115)
	at org.testng.remote.AbstractRemoteTestNG.run(AbstractRemoteTestNG.java:114)
	at org.testng.remote.RemoteTestNG.initAndRun(RemoteTestNG.java:251)
	at org.testng.remote.RemoteTestNG.main(RemoteTestNG.java:77)
]]>
            </full-stacktrace>
          </exception> <!-- org.openqa.selenium.NoSuchElementException -->
          <reporter-output>
          </reporter-output>
        </test-method> <!-- enterTextTest -->
        <test-method status="PASS" signature="tearDown()[pri:0, instance:com.qa.linqia.test.TodoTest@14bf9759]" name="tearDown" is-config="true" duration-ms="708" started-at="2018-04-03T14:56:57Z" finished-at="2018-04-03T14:56:58Z">
          <reporter-output>
          </reporter-output>
        </test-method> <!-- tearDown -->
        <test-method status="PASS" signature="setUp()[pri:0, instance:com.qa.linqia.test.TodoTest@14bf9759]" name="setUp" is-config="true" duration-ms="8042" started-at="2018-04-03T14:56:58Z" finished-at="2018-04-03T14:57:06Z">
          <reporter-output>
          </reporter-output>
        </test-method> <!-- setUp -->
        <test-method status="FAIL" signature="enterTextTest(java.lang.String)[pri:2, instance:com.qa.linqia.test.TodoTest@14bf9759]" name="enterTextTest" duration-ms="20887" started-at="2018-04-03T14:57:06Z" data-provider="getTestData" finished-at="2018-04-03T14:57:27Z">
          <params>
            <param index="0">
              <value>
                <![CDATA[Cucumber]]>
              </value>
            </param>
          </params>
          <exception class="org.openqa.selenium.NoSuchElementException">
            <message>
              <![CDATA[no such element: Unable to locate element: {"method":"xpath","selector":"//label[text()='Selenim Webdriver']"}
  (Session info: chrome=65.0.3325.181)
  (Driver info: chromedriver=2.37.544315 (730aa6a5fdba159ac9f4c1e8cbc59bf1b5ce12b7),platform=Windows NT 10.0.16299 x86_64) (WARNING: The server did not provide any stacktrace information)
Command duration or timeout: 0 milliseconds
For documentation on this error, please visit: http://seleniumhq.org/exceptions/no_such_element.html
Build info: version: '3.5.3', revision: 'a88d25fe6b', time: '2017-08-29T12:42:44.417Z'
System info: host: 'AMRUTHAA', ip: '192.168.0.13', os.name: 'Windows 8.1', os.arch: 'amd64', os.version: '6.3', java.version: '1.8.0_20'
Driver info: org.openqa.selenium.chrome.ChromeDriver
Capabilities [{mobileEmulationEnabled=false, hasTouchScreen=false, platform=WIN8_1, acceptSslCerts=false, acceptInsecureCerts=false, webStorageEnabled=true, browserName=chrome, takesScreenshot=true, javascriptEnabled=true, platformName=WIN8_1, setWindowRect=true, unexpectedAlertBehaviour=, applicationCacheEnabled=false, rotatable=false, networkConnectionEnabled=false, chrome={chromedriverVersion=2.37.544315 (730aa6a5fdba159ac9f4c1e8cbc59bf1b5ce12b7), userDataDir=C:\Users\user\AppData\Local\Temp\scoped_dir20696_27517}, takesHeapSnapshot=true, pageLoadStrategy=normal, unhandledPromptBehavior=, databaseEnabled=false, handlesAlerts=true, version=65.0.3325.181, browserConnectionEnabled=false, nativeEvents=true, locationContextEnabled=true, cssSelectorsEnabled=true}]
Session ID: 0b6704ec5cea87591dd3ef860720981c
*** Element info: {Using=xpath, value=//label[text()='Selenim Webdriver']}]]>
            </message>
            <full-stacktrace>
              <![CDATA[org.openqa.selenium.NoSuchElementException: no such element: Unable to locate element: {"method":"xpath","selector":"//label[text()='Selenim Webdriver']"}
  (Session info: chrome=65.0.3325.181)
  (Driver info: chromedriver=2.37.544315 (730aa6a5fdba159ac9f4c1e8cbc59bf1b5ce12b7),platform=Windows NT 10.0.16299 x86_64) (WARNING: The server did not provide any stacktrace information)
Command duration or timeout: 0 milliseconds
For documentation on this error, please visit: http://seleniumhq.org/exceptions/no_such_element.html
Build info: version: '3.5.3', revision: 'a88d25fe6b', time: '2017-08-29T12:42:44.417Z'
System info: host: 'AMRUTHAA', ip: '192.168.0.13', os.name: 'Windows 8.1', os.arch: 'amd64', os.version: '6.3', java.version: '1.8.0_20'
Driver info: org.openqa.selenium.chrome.ChromeDriver
Capabilities [{mobileEmulationEnabled=false, hasTouchScreen=false, platform=WIN8_1, acceptSslCerts=false, acceptInsecureCerts=false, webStorageEnabled=true, browserName=chrome, takesScreenshot=true, javascriptEnabled=true, platformName=WIN8_1, setWindowRect=true, unexpectedAlertBehaviour=, applicationCacheEnabled=false, rotatable=false, networkConnectionEnabled=false, chrome={chromedriverVersion=2.37.544315 (730aa6a5fdba159ac9f4c1e8cbc59bf1b5ce12b7), userDataDir=C:\Users\user\AppData\Local\Temp\scoped_dir20696_27517}, takesHeapSnapshot=true, pageLoadStrategy=normal, unhandledPromptBehavior=, databaseEnabled=false, handlesAlerts=true, version=65.0.3325.181, browserConnectionEnabled=false, nativeEvents=true, locationContextEnabled=true, cssSelectorsEnabled=true}]
Session ID: 0b6704ec5cea87591dd3ef860720981c
*** Element info: {Using=xpath, value=//label[text()='Selenim Webdriver']}
	at sun.reflect.NativeConstructorAccessorImpl.newInstance0(Native Method)
	at sun.reflect.NativeConstructorAccessorImpl.newInstance(NativeConstructorAccessorImpl.java:62)
	at sun.reflect.DelegatingConstructorAccessorImpl.newInstance(DelegatingConstructorAccessorImpl.java:45)
	at java.lang.reflect.Constructor.newInstance(Constructor.java:408)
	at org.openqa.selenium.remote.ErrorHandler.createThrowable(ErrorHandler.java:215)
	at org.openqa.selenium.remote.ErrorHandler.throwIfResponseFailed(ErrorHandler.java:167)
	at org.openqa.selenium.remote.http.JsonHttpResponseCodec.reconstructValue(JsonHttpResponseCodec.java:40)
	at org.openqa.selenium.remote.http.AbstractHttpResponseCodec.decode(AbstractHttpResponseCodec.java:82)
	at org.openqa.selenium.remote.http.AbstractHttpResponseCodec.decode(AbstractHttpResponseCodec.java:45)
	at org.openqa.selenium.remote.HttpCommandExecutor.execute(HttpCommandExecutor.java:164)
	at org.openqa.selenium.remote.service.DriverCommandExecutor.execute(DriverCommandExecutor.java:82)
	at org.openqa.selenium.remote.RemoteWebDriver.execute(RemoteWebDriver.java:646)
	at org.openqa.selenium.remote.RemoteWebDriver.findElement(RemoteWebDriver.java:416)
	at org.openqa.selenium.remote.RemoteWebDriver.findElementByXPath(RemoteWebDriver.java:518)
	at org.openqa.selenium.By$ByXPath.findElement(By.java:361)
	at org.openqa.selenium.remote.RemoteWebDriver.findElement(RemoteWebDriver.java:408)
	at org.openqa.selenium.support.pagefactory.DefaultElementLocator.findElement(DefaultElementLocator.java:69)
	at org.openqa.selenium.support.pagefactory.internal.LocatingElementHandler.invoke(LocatingElementHandler.java:38)
	at com.sun.proxy.$Proxy10.getText(Unknown Source)
	at com.qa.pages.TodoPositive.verifyAddedText(TodoPositive.java:42)
	at com.qa.linqia.test.TodoTest.enterTextTest(TodoTest.java:50)
	at sun.reflect.NativeMethodAccessorImpl.invoke0(Native Method)
	at sun.reflect.NativeMethodAccessorImpl.invoke(NativeMethodAccessorImpl.java:62)
	at sun.reflect.DelegatingMethodAccessorImpl.invoke(DelegatingMethodAccessorImpl.java:43)
	at java.lang.reflect.Method.invoke(Method.java:483)
	at org.testng.internal.MethodInvocationHelper.invokeMethod(MethodInvocationHelper.java:108)
	at org.testng.internal.Invoker.invokeMethod(Invoker.java:661)
	at org.testng.internal.Invoker.invokeTestMethod(Invoker.java:869)
	at org.testng.internal.Invoker.invokeTestMethods(Invoker.java:1193)
	at org.testng.internal.TestMethodWorker.invokeTestMethods(TestMethodWorker.java:126)
	at org.testng.internal.TestMethodWorker.run(TestMethodWorker.java:109)
	at org.testng.TestRunner.privateRun(TestRunner.java:744)
	at org.testng.TestRunner.run(TestRunner.java:602)
	at org.testng.SuiteRunner.runTest(SuiteRunner.java:380)
	at org.testng.SuiteRunner.runSequentially(SuiteRunner.java:375)
	at org.testng.SuiteRunner.privateRun(SuiteRunner.java:340)
	at org.testng.SuiteRunner.run(SuiteRunner.java:289)
	at org.testng.SuiteRunnerWorker.runSuite(SuiteRunnerWorker.java:52)
	at org.testng.SuiteRunnerWorker.run(SuiteRunnerWorker.java:86)
	at org.testng.TestNG.runSuitesSequentially(TestNG.java:1301)
	at org.testng.TestNG.runSuitesLocally(TestNG.java:1226)
	at org.testng.TestNG.runSuites(TestNG.java:1144)
	at org.testng.TestNG.run(TestNG.java:1115)
	at org.testng.remote.AbstractRemoteTestNG.run(AbstractRemoteTestNG.java:114)
	at org.testng.remote.RemoteTestNG.initAndRun(RemoteTestNG.java:251)
	at org.testng.remote.RemoteTestNG.main(RemoteTestNG.java:77)
]]>
            </full-stacktrace>
          </exception> <!-- org.openqa.selenium.NoSuchElementException -->
          <reporter-output>
          </reporter-output>
        </test-method> <!-- enterTextTest -->
        <test-method status="PASS" signature="tearDown()[pri:0, instance:com.qa.linqia.test.TodoTest@14bf9759]" name="tearDown" is-config="true" duration-ms="718" started-at="2018-04-03T14:57:27Z" finished-at="2018-04-03T14:57:28Z">
          <reporter-output>
          </reporter-output>
        </test-method> <!-- tearDown -->
        <test-method status="PASS" signature="setUp()[pri:0, instance:com.qa.linqia.test.TodoTest@14bf9759]" name="setUp" is-config="true" duration-ms="8324" started-at="2018-04-03T14:57:28Z" finished-at="2018-04-03T14:57:36Z">
          <reporter-output>
          </reporter-output>
        </test-method> <!-- setUp -->
        <test-method status="PASS" signature="documentation()[pri:3, instance:com.qa.linqia.test.TodoTest@14bf9759]" name="documentation" duration-ms="1852" started-at="2018-04-03T14:57:36Z" finished-at="2018-04-03T14:57:38Z">
          <reporter-output>
          </reporter-output>
        </test-method> <!-- documentation -->
        <test-method status="PASS" signature="tearDown()[pri:0, instance:com.qa.linqia.test.TodoTest@14bf9759]" name="tearDown" is-config="true" duration-ms="680" started-at="2018-04-03T14:57:38Z" finished-at="2018-04-03T14:57:39Z">
          <reporter-output>
          </reporter-output>
        </test-method> <!-- tearDown -->
        <test-method status="PASS" signature="setUp()[pri:0, instance:com.qa.linqia.test.TodoTest@14bf9759]" name="setUp" is-config="true" duration-ms="8473" started-at="2018-04-03T14:57:39Z" finished-at="2018-04-03T14:57:47Z">
          <reporter-output>
          </reporter-output>
        </test-method> <!-- setUp -->
        <test-method status="PASS" signature="helpTest()[pri:4, instance:com.qa.linqia.test.TodoTest@14bf9759]" name="helpTest" duration-ms="2635" started-at="2018-04-03T14:57:47Z" finished-at="2018-04-03T14:57:50Z">
          <reporter-output>
          </reporter-output>
        </test-method> <!-- helpTest -->
        <test-method status="PASS" signature="tearDown()[pri:0, instance:com.qa.linqia.test.TodoTest@14bf9759]" name="tearDown" is-config="true" duration-ms="686" started-at="2018-04-03T14:57:50Z" finished-at="2018-04-03T14:57:50Z">
          <reporter-output>
          </reporter-output>
        </test-method> <!-- tearDown -->
      </class> <!-- com.qa.linqia.test.TodoTest -->
      <class name="com.qa.linqia.test.IntroductionPageTest">
        <test-method status="PASS" signature="setUp()[pri:0, instance:com.qa.linqia.test.IntroductionPageTest@5f341870]" name="setUp" is-config="true" duration-ms="19110" started-at="2018-04-03T14:54:31Z" finished-at="2018-04-03T14:54:50Z">
          <reporter-output>
          </reporter-output>
        </test-method> <!-- setUp -->
        <test-method status="PASS" signature="verifyclickOnLearn()[pri:0, instance:com.qa.linqia.test.IntroductionPageTest@5f341870]" name="verifyclickOnLearn" duration-ms="4039" started-at="2018-04-03T14:54:50Z" finished-at="2018-04-03T14:54:54Z">
          <reporter-output>
          </reporter-output>
        </test-method> <!-- verifyclickOnLearn -->
        <test-method status="PASS" signature="tearDown()[pri:0, instance:com.qa.linqia.test.IntroductionPageTest@5f341870]" name="tearDown" is-config="true" duration-ms="730" started-at="2018-04-03T14:54:54Z" finished-at="2018-04-03T14:54:55Z">
          <reporter-output>
          </reporter-output>
        </test-method> <!-- tearDown -->
        <test-method status="PASS" signature="setUp()[pri:0, instance:com.qa.linqia.test.IntroductionPageTest@5f341870]" name="setUp" is-config="true" duration-ms="8805" started-at="2018-04-03T14:55:51Z" finished-at="2018-04-03T14:56:00Z">
          <reporter-output>
          </reporter-output>
        </test-method> <!-- setUp -->
        <test-method status="PASS" signature="validatePageTitle()[pri:1, instance:com.qa.linqia.test.IntroductionPageTest@5f341870]" name="validatePageTitle" duration-ms="1452" started-at="2018-04-03T14:56:00Z" finished-at="2018-04-03T14:56:01Z">
          <reporter-output>
          </reporter-output>
        </test-method> <!-- validatePageTitle -->
        <test-method status="PASS" signature="tearDown()[pri:0, instance:com.qa.linqia.test.IntroductionPageTest@5f341870]" name="tearDown" is-config="true" duration-ms="707" started-at="2018-04-03T14:56:01Z" finished-at="2018-04-03T14:56:02Z">
          <reporter-output>
          </reporter-output>
        </test-method> <!-- tearDown -->
      </class> <!-- com.qa.linqia.test.IntroductionPageTest -->
    </test> <!-- Linqia Test Cases -->
  </suite> <!-- Linqia home Test -->
</testng-results>
